<?xml version="1.0" encoding="UTF-8"?>
<!-- Generated by org.testng.reporters.JUnitXMLReporter -->
<testsuite hostname="DESKTOP-5GI3OCP" ignored="0" name="Test" tests="6" failures="0" timestamp="20 Apr 2022 20:58:04 GMT" time="67.864" errors="0">
  <testcase name="verifyAccountLinkTest" time="0.149" classname="com.tests.HomePageTest"/>
  <testcase name="verifyHomePageTitleTest" time="0.011" classname="com.tests.HomePageTest"/>
  <testcase name="verifyLoginPageTitleTest" time="0.014" classname="com.tests.LoginPageTest"/>
  <testcase name="verifySalerLinkTest" time="0.084" classname="com.tests.LoginPageTest"/>
  <testcase name="LoginBtnTest" time="4.277" classname="com.tests.LoginPageTest"/>
  <testcase name="LoginTest" time="4.755" classname="com.tests.LoginPageTest"/>
</testsuite> <!-- Test -->
