<?xml version="1.0" encoding="UTF-8"?>
<testng-results skipped="0" failed="0" ignored="0" total="6" passed="6">
  <reporter-output>
  </reporter-output>
  <suite name="Suite" duration-ms="67864" started-at="2022-04-20T20:56:56Z" finished-at="2022-04-20T20:58:04Z">
    <groups>
    </groups>
    <test name="Test" duration-ms="67864" started-at="2022-04-20T20:56:56Z" finished-at="2022-04-20T20:58:04Z">
      <class name="com.tests.LoginPageTest">
        <test-method status="PASS" signature="setUp()[pri:0, instance:com.tests.LoginPageTest@7085bdee]" name="setUp" is-config="true" duration-ms="6912" started-at="2022-04-20T20:57:23Z" finished-at="2022-04-20T20:57:30Z">
          <reporter-output>
          </reporter-output>
        </test-method> <!-- setUp -->
        <test-method status="PASS" signature="verifyLoginPageTitleTest()[pri:1, instance:com.tests.LoginPageTest@7085bdee]" name="verifyLoginPageTitleTest" duration-ms="14" started-at="2022-04-20T20:57:30Z" finished-at="2022-04-20T20:57:30Z">
          <reporter-output>
          </reporter-output>
        </test-method> <!-- verifyLoginPageTitleTest -->
        <test-method status="PASS" signature="tearDown()[pri:0, instance:com.tests.LoginPageTest@7085bdee]" name="tearDown" is-config="true" duration-ms="736" started-at="2022-04-20T20:57:30Z" finished-at="2022-04-20T20:57:30Z">
          <reporter-output>
          </reporter-output>
        </test-method> <!-- tearDown -->
        <test-method status="PASS" signature="setUp()[pri:0, instance:com.tests.LoginPageTest@7085bdee]" name="setUp" is-config="true" duration-ms="7419" started-at="2022-04-20T20:57:30Z" finished-at="2022-04-20T20:57:38Z">
          <reporter-output>
          </reporter-output>
        </test-method> <!-- setUp -->
        <test-method status="PASS" signature="verifySalerLinkTest()[pri:2, instance:com.tests.LoginPageTest@7085bdee]" name="verifySalerLinkTest" duration-ms="84" started-at="2022-04-20T20:57:38Z" finished-at="2022-04-20T20:57:38Z">
          <reporter-output>
          </reporter-output>
        </test-method> <!-- verifySalerLinkTest -->
        <test-method status="PASS" signature="tearDown()[pri:0, instance:com.tests.LoginPageTest@7085bdee]" name="tearDown" is-config="true" duration-ms="740" started-at="2022-04-20T20:57:38Z" finished-at="2022-04-20T20:57:39Z">
          <reporter-output>
          </reporter-output>
        </test-method> <!-- tearDown -->
        <test-method status="PASS" signature="setUp()[pri:0, instance:com.tests.LoginPageTest@7085bdee]" name="setUp" is-config="true" duration-ms="7058" started-at="2022-04-20T20:57:39Z" finished-at="2022-04-20T20:57:46Z">
          <reporter-output>
          </reporter-output>
        </test-method> <!-- setUp -->
        <test-method status="PASS" signature="LoginBtnTest()[pri:3, instance:com.tests.LoginPageTest@7085bdee]" name="LoginBtnTest" duration-ms="4277" started-at="2022-04-20T20:57:46Z" finished-at="2022-04-20T20:57:50Z">
          <reporter-output>
          </reporter-output>
        </test-method> <!-- LoginBtnTest -->
        <test-method status="PASS" signature="tearDown()[pri:0, instance:com.tests.LoginPageTest@7085bdee]" name="tearDown" is-config="true" duration-ms="741" started-at="2022-04-20T20:57:50Z" finished-at="2022-04-20T20:57:51Z">
          <reporter-output>
          </reporter-output>
        </test-method> <!-- tearDown -->
        <test-method status="PASS" signature="setUp()[pri:0, instance:com.tests.LoginPageTest@7085bdee]" name="setUp" is-config="true" duration-ms="7317" started-at="2022-04-20T20:57:51Z" finished-at="2022-04-20T20:57:58Z">
          <reporter-output>
          </reporter-output>
        </test-method> <!-- setUp -->
        <test-method status="PASS" signature="LoginTest()[pri:4, instance:com.tests.LoginPageTest@7085bdee]" name="LoginTest" duration-ms="4755" started-at="2022-04-20T20:57:58Z" finished-at="2022-04-20T20:58:03Z">
          <reporter-output>
          </reporter-output>
        </test-method> <!-- LoginTest -->
        <test-method status="PASS" signature="tearDown()[pri:0, instance:com.tests.LoginPageTest@7085bdee]" name="tearDown" is-config="true" duration-ms="861" started-at="2022-04-20T20:58:03Z" finished-at="2022-04-20T20:58:04Z">
          <reporter-output>
          </reporter-output>
        </test-method> <!-- tearDown -->
      </class> <!-- com.tests.LoginPageTest -->
      <class name="com.tests.HomePageTest">
        <test-method status="PASS" signature="setUP()[pri:0, instance:com.tests.HomePageTest@73ad2d6]" name="setUP" is-config="true" duration-ms="13017" started-at="2022-04-20T20:56:56Z" finished-at="2022-04-20T20:57:09Z">
          <reporter-output>
          </reporter-output>
        </test-method> <!-- setUP -->
        <test-method status="PASS" signature="verifyAccountLinkTest()[pri:0, instance:com.tests.HomePageTest@73ad2d6]" name="verifyAccountLinkTest" duration-ms="149" started-at="2022-04-20T20:57:09Z" finished-at="2022-04-20T20:57:09Z">
          <reporter-output>
          </reporter-output>
        </test-method> <!-- verifyAccountLinkTest -->
        <test-method status="PASS" signature="tearDown()[pri:0, instance:com.tests.HomePageTest@73ad2d6]" name="tearDown" is-config="true" duration-ms="805" started-at="2022-04-20T20:57:09Z" finished-at="2022-04-20T20:57:10Z">
          <reporter-output>
          </reporter-output>
        </test-method> <!-- tearDown -->
        <test-method status="PASS" signature="setUP()[pri:0, instance:com.tests.HomePageTest@73ad2d6]" name="setUP" is-config="true" duration-ms="12110" started-at="2022-04-20T20:57:10Z" finished-at="2022-04-20T20:57:22Z">
          <reporter-output>
          </reporter-output>
        </test-method> <!-- setUP -->
        <test-method status="PASS" signature="verifyHomePageTitleTest()[pri:0, instance:com.tests.HomePageTest@73ad2d6]" name="verifyHomePageTitleTest" duration-ms="11" started-at="2022-04-20T20:57:22Z" finished-at="2022-04-20T20:57:22Z">
          <reporter-output>
          </reporter-output>
        </test-method> <!-- verifyHomePageTitleTest -->
        <test-method status="PASS" signature="tearDown()[pri:0, instance:com.tests.HomePageTest@73ad2d6]" name="tearDown" is-config="true" duration-ms="807" started-at="2022-04-20T20:57:22Z" finished-at="2022-04-20T20:57:23Z">
          <reporter-output>
          </reporter-output>
        </test-method> <!-- tearDown -->
      </class> <!-- com.tests.HomePageTest -->
    </test> <!-- Test -->
  </suite> <!-- Suite -->
</testng-results>
